-------------------------------------------------------------------------------
Test set: com.demo.TSDKaryawan.TsdKaryawanApplicationTests
-------------------------------------------------------------------------------
Tests run: 1, Failures: 0, Errors: 1, Skipped: 0, Time elapsed: 0.816 s <<< FAILURE! - in com.demo.TSDKaryawan.TsdKaryawanApplicationTests
com.demo.TSDKaryawan.TsdKaryawanApplicationTests  Time elapsed: 0.811 s  <<< ERROR!
java.lang.IllegalStateException: Unable to find a @SpringBootConfiguration, you need to use @ContextConfiguration or @SpringBootTest(classes=...) with your test

